2332395
2332395
2332395
2332395
2332395
2332395
2332395
2332395
2332395
2332395
2332395
2332395
2332395
2332395
2332395
2332395
2332395
193
2332395
2332395
461
2332395
2332395
2332395
2332395
2332395
2332395
2332395
2332395
2332395
2332395
2332395
2332395
2332395
2332395
2332395
2332395
2332395
2332395
2332395
2332395
2332395
2332395
2332395
2332395
2332395
2332395
2332395
2332395
2332395
2332395
2332395
2332395
2332395
2332395
2332395
2332395
2332395
2332395
2332395
2332395
2332395
2332395
2332395
2332395
2332395
2332395
2332395
2332395
2332395
2332395
2332395
2332395
2332395
565
2332395
2332395
2332395
2332395
2332395
2332395
2332395
2332395
2332395
2332395
2332395
2332395
2332395
2332395
2332395
2332395
2332395
2332395
2332395
2332395
2332395
2332395
51
2332395
2332395
2332395
2332395
2332395
2332395
2332395
2332395
2332395
2332395
2332395
2332395
2332395
2332395
2332395
2332395
2332395
2332395
2332395
2332395
2332395
2332395
2332395
2332395
2332395
2332395
2332395
2332395
2332395
2332395
2332395
2332395
2332395
2332395
2332395
2332395
2332395
2332395
2332395
2332395
2332395
2332395
2332395
2332395
2332395
2332395
2332395
2332395
2332395
2332395
2332395
2332395
2332395
2332395
2332395
2332395
2332395
2332395
2332395
2332395
0
2332395
2332395
2332395
2332395
2332395
2332395
2332395
2332395
2332395
2332395
2332395
2332395
2332395
2332395
2332395
2332395
2332395
2332395
2332395
2332395
2332395
2332395
2332395
2332395
2332395
2332395
2332395
2332395
2332395
2332395
2332395
2332395
2332395
2332395
2332395
2332395
2332395
2332395
2332395
2332395
2332395
2332395
2332395
2332395
2332395
2332395
2332395
2332395
2332395
2332395
2332395
2332395
2332395
2332395
2332395
2332395
2332395
2332395
2332395
2332395
2332395
2332395
2332395
2332395
2332395
2332395
2332395
2332395
2332395
2332395
2332395
2332395
981
2332395
2332395
2332395
2332395
2332395
2332395
2332395
2332395
2332395
2332395
2332395
2332395
2332395
2332395
2332395
2332395
2332395
2332395
2332395
2332395
2332395
2332395
2332395
973
2332395
2332395
2332395
2332395
2332395
2332395
2332395
2332395
2332395
2332395
2332395
754
2332395
2332395
2332395
2332395
2332395
2332395
2332395
2332395
2332395
2332395
2332395
2332395
374
2332395
2332395
2332395
2332395
2332395
2332395
2332395
2332395
2332395
2332395
2332395
2332395
2332395
2332395
2332395
2332395
2332395
2332395
2332395
2332395
2332395
2332395
2332395
2332395
2332395
2332395
2332395
2332395
2332395
2332395
2332395
2332395
2332395
2332395
2332395
2332395
2332395
2332395
2332395
2332395
2332395
2332395
2332395
2332395
2332395
2332395
2332395
2332395
2332395
2332395
2332395
89
2332395
2332395
621
2332395
2332395
2332395
2332395
2332395
2332395
2332395
2332395
2332395
2332395
193
2332395
2332395
2332395
2332395
2332395
2332395
2332395
2332395
2332395
2332395
2332395
2332395
2332395
2332395
2332395
2332395
2332395
2332395
2332395
2332395
51
2332395
2332395
2332395
2332395
2332395
2332395
2332395
2332395
2332395
2332395
2332395
2332395
2332395
2332395
2332395
2332395
2332395
2332395
2332395
2332395
2332395
2332395
2332395
2332395
2332395
2332395
2332395
2332395
2332395
2332395
2332395
2332395
2332395
2332395
2332395
611
2332395
2332395
2332395
2332395
2332395
2332395
2332395
2332395
2332395
2332395
2332395
2332395
2332395
2332395
2332395
2332395
2332395
2332395
2332395
2332395
2332395
2332395
2332395
2332395
2332395
2332395
2332395
2332395
2332395
778
2332395
2332395
2332395
2332395
2332395
2332395
2332395
2332395
1880430
1880430
1880430
1880430
1880430
1880430
1880430
1880430
1880430
1880430
1880430
1880430
1880430
1880430
1880430
1880430
1880430
1880430
1880430
1880430
1880430
1880430
1880430
1880430
1880430
1880430
1880430
1880430
1880430
1880430
1880430
1880430
1880430
1880430
1880430
1880430
1880430
1880430
1880430
1880430
1880430
1880430
202
1880430
1880430
1880430
1880430
1880430
1880430
1880430
1880430
1880430
1880430
1880430
1880430
1880430
1880430
1880430
1880430
1880430
1880430
1880430
1880430
1880430
1880430
1880430
1880430
1880430
1880430
1880430
1880430
1880430
1880430
1880430
1880430
1880430
1880430
1880430
1880430
1880430
1880430
1880430
1880430
1880430
1880430
1880430
1880430
1880430
1880430
1880430
1880430
1880430
1880430
1880430
1880430
1880430
1880430
1880430
1880430
1880430
1880430
462
1880430
1880430
1880430
1880430
1880430
1880430
1880430
1880430
1880430
1880430
1880430
1880430
1880430
1880430
1880430
1880430
1880430
1880430
1880430
1880430
1880430
1880430
1880430
1880430
1880430
1880430
1880430
1880430
1880430
1880430
1880430
1880430
1880430
1880430
1880430
1880430
1880430
1880430
1880430
1880430
1880430
1880430
1880430
1880430
1880430
1880430
1880430
1880430
1880430
1880430
1880430
1880430
1880430
1880430
1880430
1880430
1880430
1880430
1880430
1880430
1880430
1880430
1880430
1880430
1880430
1880430
1880430
1880430
1880430
1880430
1880430
1880430
1880430
1880430
246
1880430
1880430
1880430
1880430
1880430
1880430
1880430
1880430
1880430
1880430
1880430
1880430
1880430
1880430
1880430
1880430
1880430
1880430
1880430
1880430
1880430
1880430
1880430
1880430
1880430
1880430
1880430
1880430
1880430
1880430
1880430
1880430
1880430
1880430
1880430
1880430
1880430
1880430
1880430
1880430
1880430
1880430
1880430
1880430
1880430
1880430
1880430
1880430
1880430
1880430
1880430
1880430
1880430
1880430
1880430
1880430
1880430
1880430
1880430
1880430
1880430
1880430
1880430
1880430
1880430
1880430
1880430
1880430
1880430
1880430
1880430
1880430
1880430
1880430
1880430
1880430
1880430
1880430
1880430
1880430
1880430
1880430
1880430
1880430
858
1880430
1880430
1880430
1880430
1880430
1880430
1880430
1880430
1880430
1880430
1880430
1880430
1880430
1880430
1880430
340
1880430
1880430
1880430
1880430
1880430
1880430
1880430
1880430
1880430
1880430
1880430
1880430
1880430
1880430
1880430
1880430
1880430
1880430
1880430
1880430
1880430
1880430
1880430
1880430
1880430
1880430
1880430
1880430
1880430
1880430
1880430
1880430
1880430
1880430
1880430
1880430
1880430
1880430
1880430
1880430
1880430
1880430
1880430
1880430
1880430
1880430
1880430
1880430
1880430
1880430
1880430
1880430
1880430
1880430
1880430
1880430
1880430
1880430
1880430
1880430
1880430
1880430
1880430
1880430
1880430
1880430
1880430
1880430
1880430
1880430
1880430
1880430
1880430
1880430
683
1880430
1880430
1880430
1880430
1880430
1880430
1880430
1880430
1880430
1880430
1880430
1880430
1880430
1880430
1880430
1880430
1880430
1880430
1880430
1880430
1880430
1880430
1880430
1880430
1880430
1880430
1880430
1880430
1880430
1880430
1880430
1880430
1880430
1880430
1880430
1880430
1880430
1880430
1880430
1880430
1880430
1880430
1880430
1880430
1880430
1880430
1880430
740
1880430
1880430
1880430
1880430
1880430
1880430
1880430
1880430
1880430
1880430
1880430
1880430
1880430
1880430
552
1880430
1880430
1880430
1880430
1880430
1880430
1880430
1880430
1880430
1880430
1880430
1880430
1880430
1880430
1880430
1880430
1880430
1880430
1880430
1880430
1880430
1880430
1880430
1880430
1880430
1880430
1880430
1880430
1880430
1880430
1880430
1880430
1880430
1880430
1880430
1880430
1880430
1880430
1880430
1880430
1880430
1880430
1880430
1880430
1880430
1880430
1880430
1880430
1880430
1880430
1880430
1880430
1880430
1880430
1880430
1880430
1880430
1880430
1880430
1880430
1880430
1880430
1880430
1880430
1880430
1880430
1880430
1880430
1880430
1880430
1880430
1880430
1880430
1880430
1880430
1880430
1880430
1880430
1880430
1880430
1880430
1880430
1880430
1880430
1880430
1880430
1880430
1880430
1880430
1880430
1880430
1880430
1880430
1880430
1880430
1880430
1880430
1880430
1880430
1880430
1880430
1880430
1880430
1880430
1880430
1880430
1880430
1880430
1880430
1880430
1880430
1880430
1880430
1880430
1880430
1880430
1880430
1880430
1880430
