195933
195933
195933
195933
195933
195933
195933
195933
195933
195933
195933
195933
195933
195933
195933
195933
195933
195933
195933
195933
195933
195933
195933
195933
195933
195933
195933
195933
195933
195933
195933
195933
195933
195933
195933
195933
195933
195933
195933
195933
195933
195933
195933
195933
195933
195933
195933
195933
195933
195933
195933
195933
195933
195933
195933
195933
195933
195933
195933
195933
195933
195933
195933
195933
195933
195933
195933
195933
195933
353
195933
195933
195933
195933
457
195933
195933
195933
195933
195933
195933
195933
195933
195933
195933
195933
195933
195933
195933
195933
195933
195933
195933
195933
195933
195933
195933
195933
195933
195933
195933
195933
195933
195933
195933
195933
195933
195933
195933
195933
195933
195933
195933
195933
195933
195933
195933
195933
195933
195933
195933
195933
195933
195933
195933
195933
195933
195933
195933
195933
195933
195933
195933
195933
195933
195933
195933
195933
195933
195933
195933
195933
195933
195933
195933
195933
195933
195933
195933
195933
195933
195933
195933
195933
195933
195933
195933
195933
195933
195933
195933
195933
195933
195933
195933
195933
195933
195933
195933
195933
195933
195933
195933
195933
195933
195933
195933
195933
195933
195933
195933
195933
195933
195933
195933
195933
195933
195933
195933
195933
195933
195933
195933
195933
195933
195933
195933
195933
195933
195933
195933
195933
195933
195933
195933
195933
195933
195933
195933
195933
195933
195933
195933
195933
195933
195933
195933
195933
195933
195933
195933
195933
195933
195933
195933
195933
195933
195933
195933
195933
195933
195933
195933
195933
195933
195933
195933
195933
195933
195933
195933
195933
195933
195933
195933
195933
195933
195933
195933
195933
195933
195933
195933
195933
195933
195933
195933
195933
195933
426
195933
195933
195933
104
195933
195933
195933
195933
195933
195933
195933
195933
195933
195933
195933
195933
195933
195933
346
195933
195933
195933
195933
195933
195933
195933
195933
195933
195933
195933
195933
195933
195933
195933
195933
195933
195933
195933
195933
195933
195933
195933
195933
195933
195933
195933
195933
195933
195933
195933
195933
195933
195933
195933
195933
195933
195933
195933
195933
195933
195933
195933
195933
195933
195933
195933
195933
195933
195933
195933
195933
195933
195933
195933
195933
195933
504
195933
195933
195933
195933
195933
195933
195933
195933
195933
195933
195933
195933
195933
195933
195933
195933
195933
195933
195933
195933
195933
195933
195933
195933
195933
195933
195933
195933
195933
195933
195933
195933
195933
195933
195933
195933
195933
343
195933
195933
195933
195933
195933
195933
195933
195933
195933
195933
195933
195933
195933
195933
195933
195933
195933
195933
195933
195933
195933
195933
195933
195933
195933
195933
195933
195933
195933
195933
195933
195933
195933
195933
195933
195933
195933
195933
195933
195933
195933
195933
195933
195933
195933
195933
195933
195933
195933
195933
195933
195933
195933
195933
195933
195933
195933
195933
195933
195933
195933
195933
195933
195933
195933
195933
195933
195933
195933
195933
195933
195933
195933
195933
195933
195933
195933
195933
195933
195933
195933
195933
195933
195933
195933
195933
195933
195933
195933
195933
195933
195933
195933
195933
195933
195933
195933
195933
195933
195933
195933
195933
195933
195933
195933
195933
195933
195933
195933
195933
195933
195933
195933
195933
195933
195933
195933
195933
195933
195933
195933
195933
195933
195933
195933
243
195933
195933
195933
195933
195933
195933
195933
195933
195933
195933
195933
195933
195933
195933
195933
195933
195933
195933
195933
195933
195933
195933
195933
195933
195933
195933
195933
195933
195933
195933
195933
195933
195933
195933
195933
195933
195933
195933
195933
195933
195933
195933
195933
195933
195933
195933
195933
195933
195933
195933
195933
195933
195933
195933
195933
195933
195933
195933
195933
195933
195933
195933
195933
195933
195933
195933
195933
195933
195933
195933
195933
195933
195933
195933
195933
195933
195933
157
195933
195933
195933
195933
195933
195933
195933
195933
195933
195933
195933
195933
195933
195933
195933
195933
195933
195933
195933
220
195933
195933
195933
195933
195933
195933
195933
195933
195933
195933
195933
195933
195933
195933
195933
195933
195933
195933
195933
195933
195933
195933
195933
195933
195933
195933
195933
195933
195933
195933
195933
195933
195933
195933
560
195933
195933
195933
195933
195933
195933
195933
195933
195933
195933
195933
195933
195933
195933
195933
195933
195933
195933
195933
195933
195933
195933
195933
195933
195933
195933
195933
195933
195933
195933
195933
90
195933
195933
195933
195933
195933
195933
195933
195933
195933
195933
195933
195933
195933
195933
195933
195933
195933
195933
195933
195933
195933
195933
195933
195933
195933
195933
810
195933
195933
195933
195933
195933
195933
195933
195933
195933
195933
195933
195933
195933
195933
195933
195933
195933
195933
195933
382
195933
195933
195933
195933
195933
195933
195933
195933
195933
195933
195933
195933
195933
195933
195933
195933
195933
195933
195933
195933
195933
195933
195933
195933
195933
256
195933
195933
195933
195933
195933
195933
195933
195933
195933
195933
195933
195933
195933
554
195933
195933
195933
195933
195933
195933
195933
195933
195933
195933
195933
195933
195933
195933
195933
195933
195933
195933
195933
195933
195933
195933
195933
195933
195933
195933
195933
195933
195933
195933
195933
195933
195933
195933
195933
195933
195933
195933
195933
195933
195933
195933
195933
195933
195933
195933
195933
195933
195933
195933
195933
195933
195933
195933
195933
195933
195933
195933
195933
195933
195933
195933
195933
195933
195933
195933
195933
195933
195933
195933
195933
195933
195933
195933
195933
195933
195933
195933
195933
195933
195933
195933
195933
195933
195933
195933
195933
195933
195933
195933
195933
195933
195933
195933
195933
195933
195933
195933
195933
195933
195933
195933
195933
195933
195933
195933
195933
195933
195933
195933
195933
195933
195933
195933
195933
195933
195933
195933
195933
195933
195933
736
195933
195933
195933
195933
195933
195933
195933
195933
195933
195933
195933
195933
195933
195933
195933
195933
195933
195933
195933
195933
195933
195933
937
195933
195933
195933
195933
195933
195933
195933
195933
195933
195933
195933
195933
195933
195933
195933
195933
195933
195933
195933
195933
195933
195933
195933
195933
195933
195933
195933
195933
195933
195933
195933
195933
195933
195933
195933
195933
195933
195933
195933
195933
195933
195933
195933
195933
195933
195933
195933
195933
195933
195933
321
195933
195933
195933
195933
195933
195933
195933
195933
195933
895
195933
195933
195933
195933
195933
195933
195933
195933
195933
195933
195933
195933
195933
195933
