7582292
25907361
2603172
2603172
322
2603172
331
5972497
5972497
60984949
5972497
5972497
5972497
358
2603172
5954438
5972497
719
622
567
163
2603172
648
5972497
2603172
687
602
5972497
579
7582292
428
199
2603172
7582292
815
51
9907899
2603172
15155771
897
5972497
329
149
5972497
2603172
128279989
5972497
589
263
5972497
549
47
2603172
11
2603172
5972497
209
696
5972497
622
683
202684807
857
560
7582292
5972497
118
10028326
10028326
5954438
7582292
844
5972497
657
989
2603172
2603172
5972497
4091725
785
108
7582292
406
582
606
461
149
163
51
810
398
27936155
808
2603172
5470389
850
5470389
67
7582292
10028326
5470389
532
5972497
713
632
205
5470389
454
711
2603172
10484957
286
5470389
255
2603172
298
678
2603172
612
769
5972497
5532192
10028326
4464348
5470389
5470389
499
5470389
2603172
5470389
103
2603172
924
5470389
49013694
851
84
2603172
606
544
5972497
102
2603172
417
322
133
5470389
11599691
5470389
2603172
137
774
19
2603172
10028326
2603172
271
2603172
2603172
2603172
0
673
2603172
121
5470389
479
5470389
5470389
149
2603172
5972497
190
2603172
830
5972497
2603172
5470389
2603172
951
2603172
5470389
778
2603172
2603172
5954438
10028326
476
84
591
2603172
982
2603172
289
5470389
558
5470389
2603172
334
497
177
5470389
2603172
646
941
22
2603172
2603172
5470389
980
5972497
20185853
579
140
526
2603172
12
782
2603172
469
5972497
10028326
2603172
932
726
412
2603172
731
153
7665262
5470389
977
398
5470389
2603172
289
2603172
2603172
2603172
818
20185853
444
487
793
177
938
579
2603172
20185853
5470389
5470389
181
91
10028326
628
504
830
5972497
717
448
423
5470389
2603172
103
297
5972497
2603172
0
5470389
9
5470389
10028326
204968112
5470389
946
397
683
2603172
20185853
970
741
857
621
2603172
5972497
5470389
968
17236021
2603172
2603172
77
177
20185853
976
2603172
5532192
597
129
153
621
2603172
359
752
5470389
71
2603172
946
347
876
10028326
92
129
650
10028326
793
2603172
5972497
5972497
10484957
5972497
2603172
109
43
801
2603172
10484957
5972497
726
5532192
59
844
606
538
888
454
17236021
10028326
857
213
2603172
10484957
2603172
789
2603172
140
5972497
558
2603172
2603172
297
10028326
487
755
554
678
917
865
54073458
25907361
672
62
161
176
275
118
726
5180086
402
2603172
5180086
80
133
632
861
111
713
2603172
113
172
924
10028326
103
24416543
2603172
173
2603172
2603172
505
121
5180086
5180086
45
5180086
5180086
2603172
5972497
10484957
35936277
20185853
289
69
2603172
310588901
678
2603172
315
671
232
61
17236021
2603172
220
371
278
456
25180929
2603172
2603172
47
181
418
678
220
10484957
5180086
5180086
2603172
10484957
2603172
835
375
417
865
487
2603172
15155771
75079247
596
5954438
727
11
879
10484957
2603172
402
469
505
70
804
92
25907361
55
2603172
741
2603172
2603172
2603172
744
250
2603172
2603172
68
666
923
5180086
284
10028326
10028326
10484957
163
836
4091725
65
5180086
18093867
2603172
773
5180086
3
2603172
2603172
406
5180086
397
9907899
440
987
2603172
5954438
892
5180086
10028326
563
5972497
5180086
5180086
10484957
23099154
5972497
230
5180086
2603172
92
35
9907899
778
359
5180086
209
793
9907899
418
617
5972497
873
327
5180086
2603172
5954438
2603172
292
30432124
2603172
467
164
2603172
2603172
268
598
5972497
2603172
278
2603172
5972497
5180086
2603172
460
5180086
5180086
5180086
5972497
201
512
2603172
705
15155771
2603172
10484957
9907899
25907361
2603172
9907899
482
2603172
405
2603172
937
221
10028326
5972497
5180086
804
25907361
9907899
451
2603172
996
10028326
5180086
908
684
713
5180086
2603172
5180086
154862750
120
15155771
347
2603172
5972497
5180086
2603172
2603172
45384015
230
2603172
5180086
5180086
45
755
2603172
779
589
10028326
304
944
47366567
5180086
2603172
2603172
5972497
2603172
854
785
792
943
389
2603172
789
621
323
2603172
5954438
551
10028326
865
2603172
2603172
25907361
5180086
5180086
5972497
10028326
828
2603172
2603172
2603172
5954438
27258137
2603172
2603172
25907361
2603172
5180086
912
2603172
2603172
751
5180086
5972497
990
2603172
545
5180086
5180086
946
5180086
770
5180086
17236021
5180086
268
