888
230706
0
230706
230706
230706
385
230706
5618579
452
86864781
402
7852157
675
872
1593380
230706
746
230706
69
561
5618579
959
6
571
733922
754
230706
23
0
518
230706
230706
495
33
230706
230706
5618579
230706
230706
819
230706
230706
195
230706
230706
1593380
109
5618579
688
230706
55
11798786
7852157
894
442
839
754
280
561
593
129
733922
169
230706
230706
345
230706
227
18495652
434
510
5618579
230706
230706
512
88
316
18495652
5618579
230706
5618579
891
386
230706
733922
1593380
479
738
643
1593380
353
230706
1593380
18495652
230706
627
230706
306
5460526
7852157
961
526
230706
362
666
426
18495652
5618579
230706
973
733922
822
230706
20
5618579
23906085
230706
230706
560
230706
668
712
230706
45
779
23361702
230706
230706
713
230706
230706
230706
230706
5618579
230706
216
786
230706
772
717
230706
230706
266
230706
197
973
11798786
65
118706106
230706
612
61338891
96
230706
230706
211
7852157
786
904
107543741
497
507
426
957
802
916
45
6497558
979
230706
230706
733922
733922
5618579
401
6497558
1593380
5618579
6497558
18495652
230706
117
169
230706
106
549
230706
76
4481757
9306647
230706
713
1593380
746
5618579
300
252
670
81749149
6497558
5040826
542
230706
819
666
248
845
230706
230706
898
230706
559
439
230706
615
688
230706
803
830
584
18495652
230706
306
5618579
230706
739
230706
230706
162
989
230706
230706
230706
733922
230706
115
230706
89
5618579
973
5618579
237
759
347
1593380
5618579
97
1593380
230706
632
234257197
11798786
5618579
230706
867
5618579
340
871
230706
230706
480
950
23
5618579
114
5618579
18495652
643
916
826
11798786
851
230706
870
230706
621
230706
530
632
761
230706
748
4481757
230706
666
81
157
230706
845
422
843
22125491
658
243
230706
131
352
230706
18
491572
19584549
491572
803
839
551
463
48189696
230706
0
491572
230706
670
836
596
230706
319
70
345
230706
230706
816
119
977
2
255
678
530
422
250
230706
754
455
308
230706
230706
230706
230706
11798786
230706
399
1593380
28074965
32416652
40459419
230706
990
371
303
491572
230706
211
4481757
124
41661141
491572
230706
230706
491572
906
24
230706
733922
340
0
5618579
230706
978
195
942
146
230706
904
5618579
599
127
11798786
1593380
750
22125491
183
875
961
565
230706
230706
230706
888
959
491572
1593380
1593380
632
7
421
18495652
937
230706
733922
230706
230706
124
230706
230706
230706
965
73823953
230706
230706
230706
835
832
168
4481757
970
340
230706
34121279
230706
18495652
230706
929
141
230706
183
468
714
799
5460526
230706
491572
381
990
479
692
230706
230706
230706
230706
491572
552
816
230706
243
1593380
1593380
230706
491572
230706
732
887
536
230706
230706
230706
230706
9306647
696
970
988
5460526
230706
230706
780
665
18495652
491572
11798786
273
589
730
19584549
1593380
485
968
1593380
268
799
216
491572
230706
230706
220
326
624
5460526
619
5460526
674
230706
535
280
230706
230706
345
491572
451
559
451
315
4481757
871
230706
374
402
65
733922
230706
961
230706
1593380
589
230
826
412
860
799
15974304
230706
230706
298
585
468
12
734
40422387
230706
859
11798786
1593380
538
65
491572
230706
534
107136405
1593380
546
751
521
224
265
298
345
494
315
614
230706
115
138
30813823
5040826
162
487
682
612
217
36966098
491572
733922
733922
491572
778
19584549
733922
546
491572
649
5460526
398
18495652
682
745
470
974
733922
560
1593380
114
733922
32416652
491572
491572
67
733922
504
491572
454
733922
586
733922
733922
491572
831
288
733922
521
368
572
475
396
491572
389
590
902
5618579
19584549
491572
786
340
95975284
327
12066944
12066944
97
368
46
212130577
491572
318
555
860
809
456
766
1593380
491572
491572
91
733922
959
733922
733922
799
451
589
491572
956
620
404
102
426
900
859
642
4
982
733922
491572
491572
614
733922
9306647
733922
168
18495652
